<?xml version='1.0' encoding='UTF-8'?>
<testsuite hostname="ammar" name="barneshut.BarnesHutSuite" tests="9" errors="0" failures="0" skipped="0" time="0.132" timestamp="2020-05-26T05:15:50">
                     <properties>
[...]
</properties>
                     <testcase classname="barneshut.BarnesHutSuite" name="+=' should add a body at (25,47) to the correct bucket of a sector matrix of size 96 (2pts)" time="0.101">
                                                 
                                               </testcase><testcase classname="barneshut.BarnesHutSuite" name="Leaf with 1 body" time="0.015">
                                                 
                                               </testcase><testcase classname="barneshut.BarnesHutSuite" name="Empty: total should be 0" time="0.002">
                                                 
                                               </testcase><testcase classname="barneshut.BarnesHutSuite" name="updated should take bodies in a Leaf into account (2pts)" time="0.002">
                                                 
                                               </testcase><testcase classname="barneshut.BarnesHutSuite" name="Empty: mass should be 0" time="0.001">
                                                 
                                               </testcase><testcase classname="barneshut.BarnesHutSuite" name="updated should do nothing for Empty quad trees" time="0.001">
                                                 
                                               </testcase><testcase classname="barneshut.BarnesHutSuite" name="Fork with 3 empty quadrants and 1 leaf (nw)" time="0.007">
                                                 
                                               </testcase><testcase classname="barneshut.BarnesHutSuite" name="Empty: center of mass should be the center of the cell" time="0.001">
                                                 
                                               </testcase><testcase classname="barneshut.BarnesHutSuite" name="insert(b) should return a Leaf with only that body (2pts)" time="0.002">
                                                 
                                               </testcase>
                     <system-out><![CDATA[]]></system-out>
                     <system-err><![CDATA[]]></system-err>
                   </testsuite>